<?xml version="1.0" encoding="UTF-8"?>
<TestRun id="86824585-70d3-4fbf-b7af-d28f29d7a226" name="liel_r@W7-LIELR 2013-06-06 17:56:49" runUser="RAMDOR\liel_r" xmlns="http://microsoft.com/schemas/VisualStudio/TeamTest/2010">
  <TestSettings name="Default Test Settings" id="132c0abd-dc0b-4de7-bd6d-9d4645b343df">
    <Execution>
      <TestTypeSpecific />
      <AgentRule name="Execution Agents">
      </AgentRule>
    </Execution>
    <Deployment runDeploymentRoot="liel_r_W7-LIELR 2013-06-06 17_56_49" />
  </TestSettings>
  <Times creation="2013-06-06T17:56:49.8834933+03:00" queuing="2013-06-06T17:56:51.3485771+03:00" start="2013-06-06T17:56:51.4785845+03:00" finish="2013-06-06T17:56:52.7826591+03:00" />
  <ResultSummary outcome="Completed">
    <Counters total="9" executed="9" passed="9" error="0" failed="0" timeout="0" aborted="0" inconclusive="0" passedButRunAborted="0" notRunnable="0" notExecuted="0" disconnected="0" warning="0" completed="0" inProgress="0" pending="0" />
  </ResultSummary>
  <TestDefinitions>
    <UnitTest name="TestMethod3" storage="bin\debug\testproject2.dll" id="78047548-c2fb-ec7b-adbf-bbb4914c4e3d">
      <Execution id="77d699be-7f05-4642-bcef-93ab7e8d0a7e" />
      <TestMethod codeBase="C:/workspaces/ClickSoftware/TestProject2/TestProject2/bin/Debug/TestProject2.DLL" adapterTypeName="Microsoft.VisualStudio.TestTools.TestTypes.Unit.UnitTestAdapter, Microsoft.VisualStudio.QualityTools.Tips.UnitTest.Adapter, Version=10.0.0.0, Culture=neutral, PublicKeyToken=b03f5f7f11d50a3a" className="TestProject2.UnitTest2, TestProject2, Version=1.0.0.0, Culture=neutral, PublicKeyToken=null" name="TestMethod3" />
    </UnitTest>
    <UnitTest name="TestMethod2" storage="bin\debug\testproject2.dll" id="762813a8-6a9a-e8e5-34d5-f448a5291c4a">
      <Execution id="521aa2ff-5713-4d44-a59d-93f5be4aa75e" />
      <TestMethod codeBase="C:/workspaces/ClickSoftware/TestProject2/TestProject2/bin/Debug/TestProject2.DLL" adapterTypeName="Microsoft.VisualStudio.TestTools.TestTypes.Unit.UnitTestAdapter, Microsoft.VisualStudio.QualityTools.Tips.UnitTest.Adapter, Version=10.0.0.0, Culture=neutral, PublicKeyToken=b03f5f7f11d50a3a" className="TestProject2.UnitTest1, TestProject2, Version=1.0.0.0, Culture=neutral, PublicKeyToken=null" name="TestMethod2" />
    </UnitTest>
    <UnitTest name="TestMethod4" storage="bin\debug\testproject2.dll" id="279b4c1f-43c0-4b3d-9fab-267be1d9d601">
      <Execution id="2fec25d0-68a9-460c-8de8-f3b786e463bc" />
      <TestMethod codeBase="C:/workspaces/ClickSoftware/TestProject2/TestProject2/bin/Debug/TestProject2.DLL" adapterTypeName="Microsoft.VisualStudio.TestTools.TestTypes.Unit.UnitTestAdapter, Microsoft.VisualStudio.QualityTools.Tips.UnitTest.Adapter, Version=10.0.0.0, Culture=neutral, PublicKeyToken=b03f5f7f11d50a3a" className="TestProject2.UnitTest2, TestProject2, Version=1.0.0.0, Culture=neutral, PublicKeyToken=null" name="TestMethod4" />
    </UnitTest>
    <UnitTest name="TestMethod1" storage="bin\debug\testproject2.dll" id="b96f2172-51f7-3767-573a-01ebaf3120be">
      <Execution id="89c0fdb8-2c91-4258-b235-8bbaa3c7eaa4" />
      <TestMethod codeBase="C:/workspaces/ClickSoftware/TestProject2/TestProject2/bin/Debug/TestProject2.DLL" adapterTypeName="Microsoft.VisualStudio.TestTools.TestTypes.Unit.UnitTestAdapter, Microsoft.VisualStudio.QualityTools.Tips.UnitTest.Adapter, Version=10.0.0.0, Culture=neutral, PublicKeyToken=b03f5f7f11d50a3a" className="TestProject2.UnitTest1, TestProject2, Version=1.0.0.0, Culture=neutral, PublicKeyToken=null" name="TestMethod1" />
    </UnitTest>
    <OrderedTest name="OrderedTest1" storage="c:\workspaces\clicksoftware\testproject2\testproject2\orderedtest1.orderedtest" id="5e30dd73-3222-4e89-8593-ad8468cd2e16">
      <Execution id="fdd0c435-5c06-4f9f-adb8-cdc20a80d17b" />
      <TestLinks>
        <TestLink id="b96f2172-51f7-3767-573a-01ebaf3120be" name="TestMethod1" storage="bin\debug\testproject2.dll" type="Microsoft.VisualStudio.TestTools.TestTypes.Unit.UnitTestElement, Microsoft.VisualStudio.QualityTools.Tips.UnitTest.ObjectModel, Version=10.0.0.0, Culture=neutral, PublicKeyToken=b03f5f7f11d50a3a" />
        <TestLink id="762813a8-6a9a-e8e5-34d5-f448a5291c4a" name="TestMethod2" storage="bin\debug\testproject2.dll" type="Microsoft.VisualStudio.TestTools.TestTypes.Unit.UnitTestElement, Microsoft.VisualStudio.QualityTools.Tips.UnitTest.ObjectModel, Version=10.0.0.0, Culture=neutral, PublicKeyToken=b03f5f7f11d50a3a" />
        <TestLink id="78047548-c2fb-ec7b-adbf-bbb4914c4e3d" name="TestMethod3" storage="bin\debug\testproject2.dll" type="Microsoft.VisualStudio.TestTools.TestTypes.Unit.UnitTestElement, Microsoft.VisualStudio.QualityTools.Tips.UnitTest.ObjectModel, Version=10.0.0.0, Culture=neutral, PublicKeyToken=b03f5f7f11d50a3a" />
        <TestLink id="279b4c1f-43c0-4b3d-9fab-267be1d9d601" name="TestMethod4" storage="bin\debug\testproject2.dll" type="Microsoft.VisualStudio.TestTools.TestTypes.Unit.UnitTestElement, Microsoft.VisualStudio.QualityTools.Tips.UnitTest.ObjectModel, Version=10.0.0.0, Culture=neutral, PublicKeyToken=b03f5f7f11d50a3a" />
      </TestLinks>
    </OrderedTest>
  </TestDefinitions>
  <TestLists>
    <TestList name="Results Not in a List" id="8c84fa94-04c1-424b-9868-57a2d4851a1d" />
    <TestList name="All Loaded Results" id="19431567-8539-422a-85d7-44ee4e166bda" />
  </TestLists>
  <TestEntries>
    <TestEntry testId="b96f2172-51f7-3767-573a-01ebaf3120be" executionId="89c0fdb8-2c91-4258-b235-8bbaa3c7eaa4" testListId="8c84fa94-04c1-424b-9868-57a2d4851a1d" />
    <TestEntry testId="762813a8-6a9a-e8e5-34d5-f448a5291c4a" executionId="521aa2ff-5713-4d44-a59d-93f5be4aa75e" testListId="8c84fa94-04c1-424b-9868-57a2d4851a1d" />
    <TestEntry testId="78047548-c2fb-ec7b-adbf-bbb4914c4e3d" executionId="77d699be-7f05-4642-bcef-93ab7e8d0a7e" testListId="8c84fa94-04c1-424b-9868-57a2d4851a1d" />
    <TestEntry testId="279b4c1f-43c0-4b3d-9fab-267be1d9d601" executionId="2fec25d0-68a9-460c-8de8-f3b786e463bc" testListId="8c84fa94-04c1-424b-9868-57a2d4851a1d" />
    <TestEntry testId="5e30dd73-3222-4e89-8593-ad8468cd2e16" executionId="fdd0c435-5c06-4f9f-adb8-cdc20a80d17b" testListId="8c84fa94-04c1-424b-9868-57a2d4851a1d">
      <TestEntries>
        <TestEntry testId="b96f2172-51f7-3767-573a-01ebaf3120be" executionId="faa5a7df-952a-4341-898b-ea7afd0a4525" parentExecutionId="fdd0c435-5c06-4f9f-adb8-cdc20a80d17b" testListId="8c84fa94-04c1-424b-9868-57a2d4851a1d" />
        <TestEntry testId="762813a8-6a9a-e8e5-34d5-f448a5291c4a" executionId="f1dfb4f4-101e-48f5-96aa-692e3e2aeb32" parentExecutionId="fdd0c435-5c06-4f9f-adb8-cdc20a80d17b" testListId="8c84fa94-04c1-424b-9868-57a2d4851a1d" />
        <TestEntry testId="78047548-c2fb-ec7b-adbf-bbb4914c4e3d" executionId="dc61c983-defd-4e0d-83f9-6fdc52d9ac01" parentExecutionId="fdd0c435-5c06-4f9f-adb8-cdc20a80d17b" testListId="8c84fa94-04c1-424b-9868-57a2d4851a1d" />
        <TestEntry testId="279b4c1f-43c0-4b3d-9fab-267be1d9d601" executionId="9ee76bd4-247f-4226-979d-4be0e5878dbe" parentExecutionId="fdd0c435-5c06-4f9f-adb8-cdc20a80d17b" testListId="8c84fa94-04c1-424b-9868-57a2d4851a1d" />
      </TestEntries>
    </TestEntry>
  </TestEntries>
  <Results>
    <UnitTestResult executionId="89c0fdb8-2c91-4258-b235-8bbaa3c7eaa4" testId="b96f2172-51f7-3767-573a-01ebaf3120be" testName="TestMethod1" computerName="W7-LIELR" duration="00:00:00.0451445" startTime="2013-06-06T17:56:51.7836020+03:00" endTime="2013-06-06T17:56:52.4906424+03:00" testType="13cdc9d9-ddb5-4fa4-a97d-d965ccfc6d4b" outcome="Passed" testListId="8c84fa94-04c1-424b-9868-57a2d4851a1d" relativeResultsDirectory="89c0fdb8-2c91-4258-b235-8bbaa3c7eaa4">
      <Output>
        <TextMessages>
          <Message>[TEST NUMBER 1]</Message>
          <Message>[TestMethod1]this is line number 1</Message>
          <Message>[TestMethod1]this is line number 2</Message>
          <Message>[TestMethod1]this is line number 3</Message>
          <Message>[TestMethod1]this is line number 4</Message>
          <Message>[TestMethod1]this is line number 5</Message>
          <Message>[TestMethod1]this is line number 6</Message>
          <Message>[TestMethod1]this is line number 7</Message>
          <Message>[TestMethod1]this is line number 8</Message>
          <Message>[TestMethod1]this is line number 9</Message>
          <Message>[TestMethod1]this is line number 10</Message>
          <Message>[TestMethod1]this is line number 11</Message>
        </TextMessages>
      </Output>
    </UnitTestResult>
    <UnitTestResult executionId="521aa2ff-5713-4d44-a59d-93f5be4aa75e" testId="762813a8-6a9a-e8e5-34d5-f448a5291c4a" testName="TestMethod2" computerName="W7-LIELR" duration="00:00:00.0058074" startTime="2013-06-06T17:56:52.4936426+03:00" endTime="2013-06-06T17:56:52.5026431+03:00" testType="13cdc9d9-ddb5-4fa4-a97d-d965ccfc6d4b" outcome="Passed" testListId="8c84fa94-04c1-424b-9868-57a2d4851a1d" relativeResultsDirectory="521aa2ff-5713-4d44-a59d-93f5be4aa75e">
      <Output>
        <TextMessages>
          <Message>[TEST NUMBER 2]</Message>
          <Message>[TestMethod2]this is line number 1</Message>
          <Message>[TestMethod2]this is line number 2</Message>
          <Message>[TestMethod2]this is line number 3</Message>
          <Message>[TestMethod2]this is line number 4</Message>
          <Message>[TestMethod2]this is line number 5</Message>
          <Message>[TestMethod2]this is line number 6</Message>
          <Message>[TestMethod2]this is line number 7</Message>
          <Message>[TestMethod2]this is line number 8</Message>
          <Message>[TestMethod2]this is line number 9</Message>
          <Message>[TestMethod2]this is line number 10</Message>
          <Message>[TestMethod2]this is line number 11</Message>
        </TextMessages>
      </Output>
    </UnitTestResult>
    <UnitTestResult executionId="77d699be-7f05-4642-bcef-93ab7e8d0a7e" testId="78047548-c2fb-ec7b-adbf-bbb4914c4e3d" testName="TestMethod3" computerName="W7-LIELR" duration="00:00:00.0051158" startTime="2013-06-06T17:56:52.5046432+03:00" endTime="2013-06-06T17:56:52.5116436+03:00" testType="13cdc9d9-ddb5-4fa4-a97d-d965ccfc6d4b" outcome="Passed" testListId="8c84fa94-04c1-424b-9868-57a2d4851a1d" relativeResultsDirectory="77d699be-7f05-4642-bcef-93ab7e8d0a7e">
      <Output>
        <StdOut>this is Console out
this is Console out2</StdOut>
        <TextMessages>
          <Message>[TEST NUMBER 3]</Message>
          <Message>[TestMethod3]this is line number 1</Message>
          <Message>[TestMethod3]this is line number 2</Message>
          <Message>[TestMethod3]this is line number 3</Message>
          <Message>[TestMethod1]this is line number 4</Message>
          <Message>[TestMethod1]this is line number 5</Message>
          <Message>[TestMethod1]this is line number 6</Message>
          <Message>[TestMethod1]this is line number 7</Message>
          <Message>[TestMethod1]this is line number 8</Message>
          <Message>[TestMethod1]this is line number 9</Message>
          <Message>[TestMethod1]this is line number 10</Message>
          <Message>[TestMethod1]this is line number 11</Message>
          <Message>$Link=http://www.ynet.ci.il,Title=ynet$</Message>
        </TextMessages>
      </Output>
    </UnitTestResult>
    <UnitTestResult executionId="2fec25d0-68a9-460c-8de8-f3b786e463bc" testId="279b4c1f-43c0-4b3d-9fab-267be1d9d601" testName="TestMethod4" computerName="W7-LIELR" duration="00:00:00.0041393" startTime="2013-06-06T17:56:52.5136437+03:00" endTime="2013-06-06T17:56:52.5196441+03:00" testType="13cdc9d9-ddb5-4fa4-a97d-d965ccfc6d4b" outcome="Passed" testListId="8c84fa94-04c1-424b-9868-57a2d4851a1d" relativeResultsDirectory="2fec25d0-68a9-460c-8de8-f3b786e463bc">
      <Output>
        <TextMessages>
          <Message>[TEST NUMBER 4]</Message>
          <Message>[TestMethod2]this is line number 1</Message>
          <Message>[TestMethod2]this is line number 2</Message>
          <Message>[TestMethod2]this is line number 3</Message>
          <Message>[TestMethod2]this is line number 4</Message>
          <Message>[TestMethod2]this is line number 5</Message>
          <Message>[TestMethod2]this is line number 6</Message>
          <Message>[TestMethod2]this is line number 7</Message>
          <Message>[TestMethod2]this is line number 8</Message>
          <Message>[TestMethod2]this is line number 9</Message>
          <Message>[TestMethod2]this is line number 10</Message>
          <Message>[TestMethod2]this is line number 11</Message>
        </TextMessages>
      </Output>
    </UnitTestResult>
    <TestResultAggregation executionId="fdd0c435-5c06-4f9f-adb8-cdc20a80d17b" testId="5e30dd73-3222-4e89-8593-ad8468cd2e16" testName="OrderedTest1" computerName="W7-LIELR" duration="00:00:00.0586919" startTime="2013-06-06T17:56:52.5796475+03:00" endTime="2013-06-06T17:56:52.6966542+03:00" testType="ec4800e8-40e5-4ab3-8510-b8bf29b1904d" outcome="Passed" testListId="8c84fa94-04c1-424b-9868-57a2d4851a1d" relativeResultsDirectory="fdd0c435-5c06-4f9f-adb8-cdc20a80d17b">
      <Counters error="0" failed="0" timeout="0" aborted="0" inconclusive="0" passedButRunAborted="0" notRunnable="0" notExecuted="0" disconnected="0" warning="0" passed="4" completed="0" inProgress="0" pending="0" />
      <InnerResults>
        <UnitTestResult executionId="faa5a7df-952a-4341-898b-ea7afd0a4525" parentExecutionId="fdd0c435-5c06-4f9f-adb8-cdc20a80d17b" testId="b96f2172-51f7-3767-573a-01ebaf3120be" testName="TestMethod1" computerName="W7-LIELR" duration="00:00:00.0079128" startTime="2013-06-06T17:56:52.6366508+03:00" endTime="2013-06-06T17:56:52.6646524+03:00" testType="13cdc9d9-ddb5-4fa4-a97d-d965ccfc6d4b" outcome="Passed" testListId="8c84fa94-04c1-424b-9868-57a2d4851a1d" relativeResultsDirectory="faa5a7df-952a-4341-898b-ea7afd0a4525">
          <Output>
            <TextMessages>
              <Message>[TEST NUMBER 1]</Message>
              <Message>[TestMethod1]this is line number 1</Message>
              <Message>[TestMethod1]this is line number 2</Message>
              <Message>[TestMethod1]this is line number 3</Message>
              <Message>[TestMethod1]this is line number 4</Message>
              <Message>[TestMethod1]this is line number 5</Message>
              <Message>[TestMethod1]this is line number 6</Message>
              <Message>[TestMethod1]this is line number 7</Message>
              <Message>[TestMethod1]this is line number 8</Message>
              <Message>[TestMethod1]this is line number 9</Message>
              <Message>[TestMethod1]this is line number 10</Message>
              <Message>[TestMethod1]this is line number 11</Message>
            </TextMessages>
          </Output>
        </UnitTestResult>
        <UnitTestResult executionId="f1dfb4f4-101e-48f5-96aa-692e3e2aeb32" parentExecutionId="fdd0c435-5c06-4f9f-adb8-cdc20a80d17b" testId="762813a8-6a9a-e8e5-34d5-f448a5291c4a" testName="TestMethod2" computerName="W7-LIELR" duration="00:00:00.0080133" startTime="2013-06-06T17:56:52.6646524+03:00" endTime="2013-06-06T17:56:52.6786532+03:00" testType="13cdc9d9-ddb5-4fa4-a97d-d965ccfc6d4b" outcome="Passed" testListId="8c84fa94-04c1-424b-9868-57a2d4851a1d" relativeResultsDirectory="f1dfb4f4-101e-48f5-96aa-692e3e2aeb32">
          <Output>
            <TextMessages>
              <Message>[TEST NUMBER 2]</Message>
              <Message>[TestMethod2]this is line number 1</Message>
              <Message>[TestMethod2]this is line number 2</Message>
              <Message>[TestMethod2]this is line number 3</Message>
              <Message>[TestMethod2]this is line number 4</Message>
              <Message>[TestMethod2]this is line number 5</Message>
              <Message>[TestMethod2]this is line number 6</Message>
              <Message>[TestMethod2]this is line number 7</Message>
              <Message>[TestMethod2]this is line number 8</Message>
              <Message>[TestMethod2]this is line number 9</Message>
              <Message>[TestMethod2]this is line number 10</Message>
              <Message>[TestMethod2]this is line number 11</Message>
            </TextMessages>
          </Output>
        </UnitTestResult>
        <UnitTestResult executionId="dc61c983-defd-4e0d-83f9-6fdc52d9ac01" parentExecutionId="fdd0c435-5c06-4f9f-adb8-cdc20a80d17b" testId="78047548-c2fb-ec7b-adbf-bbb4914c4e3d" testName="TestMethod3" computerName="W7-LIELR" duration="00:00:00.0055516" startTime="2013-06-06T17:56:52.6796532+03:00" endTime="2013-06-06T17:56:52.6906539+03:00" testType="13cdc9d9-ddb5-4fa4-a97d-d965ccfc6d4b" outcome="Passed" testListId="8c84fa94-04c1-424b-9868-57a2d4851a1d" relativeResultsDirectory="dc61c983-defd-4e0d-83f9-6fdc52d9ac01">
          <Output>
            <StdOut>this is Console out
this is Console out2</StdOut>
            <TextMessages>
              <Message>[TEST NUMBER 3]</Message>
              <Message>[TestMethod3]this is line number 1</Message>
              <Message>[TestMethod3]this is line number 2</Message>
              <Message>[TestMethod3]this is line number 3</Message>
              <Message>[TestMethod1]this is line number 4</Message>
              <Message>[TestMethod1]this is line number 5</Message>
              <Message>[TestMethod1]this is line number 6</Message>
              <Message>[TestMethod1]this is line number 7</Message>
              <Message>[TestMethod1]this is line number 8</Message>
              <Message>[TestMethod1]this is line number 9</Message>
              <Message>[TestMethod1]this is line number 10</Message>
              <Message>[TestMethod1]this is line number 11</Message>
              <Message>$Link=http://www.ynet.ci.il,Title=ynet$</Message>
            </TextMessages>
          </Output>
        </UnitTestResult>
        <UnitTestResult executionId="9ee76bd4-247f-4226-979d-4be0e5878dbe" parentExecutionId="fdd0c435-5c06-4f9f-adb8-cdc20a80d17b" testId="279b4c1f-43c0-4b3d-9fab-267be1d9d601" testName="TestMethod4" computerName="W7-LIELR" duration="00:00:00.0034058" startTime="2013-06-06T17:56:52.6906539+03:00" endTime="2013-06-06T17:56:52.6956542+03:00" testType="13cdc9d9-ddb5-4fa4-a97d-d965ccfc6d4b" outcome="Passed" testListId="8c84fa94-04c1-424b-9868-57a2d4851a1d" relativeResultsDirectory="9ee76bd4-247f-4226-979d-4be0e5878dbe">
          <Output>
            <TextMessages>
              <Message>[TEST NUMBER 4]</Message>
              <Message>[TestMethod2]this is line number 1</Message>
              <Message>[TestMethod2]this is line number 2</Message>
              <Message>[TestMethod2]this is line number 3</Message>
              <Message>[TestMethod2]this is line number 4</Message>
              <Message>[TestMethod2]this is line number 5</Message>
              <Message>[TestMethod2]this is line number 6</Message>
              <Message>[TestMethod2]this is line number 7</Message>
              <Message>[TestMethod2]this is line number 8</Message>
              <Message>[TestMethod2]this is line number 9</Message>
              <Message>[TestMethod2]this is line number 10</Message>
              <Message>[TestMethod2]this is line number 11</Message>
            </TextMessages>
          </Output>
        </UnitTestResult>
      </InnerResults>
    </TestResultAggregation>
  </Results>
</TestRun>