<?xml version="1.0" encoding="UTF-8"?>
<TestRun id="35baffac-e277-49db-9301-1a41cf42753f" name="liel_r@W7-LIELR 2013-06-06 17:57:18" runUser="RAMDOR\liel_r" xmlns="http://microsoft.com/schemas/VisualStudio/TeamTest/2010">
  <TestSettings name="Default Test Settings" id="925e9f3f-67ae-42d7-b042-f602303cc012">
    <Execution>
      <TestTypeSpecific />
      <AgentRule name="Execution Agents">
      </AgentRule>
    </Execution>
    <Deployment runDeploymentRoot="liel_r_W7-LIELR 2013-06-06 17_57_18" />
  </TestSettings>
  <Times creation="2013-06-06T17:57:18.0851063+03:00" queuing="2013-06-06T17:57:18.2731171+03:00" start="2013-06-06T17:57:18.3091192+03:00" finish="2013-06-06T17:57:18.6121365+03:00" />
  <ResultSummary outcome="Completed">
    <Counters total="9" executed="9" passed="9" error="0" failed="0" timeout="0" aborted="0" inconclusive="0" passedButRunAborted="0" notRunnable="0" notExecuted="0" disconnected="0" warning="0" completed="0" inProgress="0" pending="0" />
  </ResultSummary>
  <TestDefinitions>
    <UnitTest name="TestMethod3" storage="bin\debug\testproject2.dll" id="78047548-c2fb-ec7b-adbf-bbb4914c4e3d">
      <Execution id="7a4afdfa-206a-41bd-ae1a-db063817c551" />
      <TestMethod codeBase="C:/workspaces/ClickSoftware/TestProject2/TestProject2/bin/Debug/TestProject2.DLL" adapterTypeName="Microsoft.VisualStudio.TestTools.TestTypes.Unit.UnitTestAdapter, Microsoft.VisualStudio.QualityTools.Tips.UnitTest.Adapter, Version=10.0.0.0, Culture=neutral, PublicKeyToken=b03f5f7f11d50a3a" className="TestProject2.UnitTest2, TestProject2, Version=1.0.0.0, Culture=neutral, PublicKeyToken=null" name="TestMethod3" />
    </UnitTest>
    <UnitTest name="TestMethod2" storage="bin\debug\testproject2.dll" id="762813a8-6a9a-e8e5-34d5-f448a5291c4a">
      <Execution id="198e5cc3-230c-4ed7-b380-45c8a0b740af" />
      <TestMethod codeBase="C:/workspaces/ClickSoftware/TestProject2/TestProject2/bin/Debug/TestProject2.DLL" adapterTypeName="Microsoft.VisualStudio.TestTools.TestTypes.Unit.UnitTestAdapter, Microsoft.VisualStudio.QualityTools.Tips.UnitTest.Adapter, Version=10.0.0.0, Culture=neutral, PublicKeyToken=b03f5f7f11d50a3a" className="TestProject2.UnitTest1, TestProject2, Version=1.0.0.0, Culture=neutral, PublicKeyToken=null" name="TestMethod2" />
    </UnitTest>
    <UnitTest name="TestMethod4" storage="bin\debug\testproject2.dll" id="279b4c1f-43c0-4b3d-9fab-267be1d9d601">
      <Execution id="2390ce4f-29f8-40e4-8ed2-e3de018342ff" />
      <TestMethod codeBase="C:/workspaces/ClickSoftware/TestProject2/TestProject2/bin/Debug/TestProject2.DLL" adapterTypeName="Microsoft.VisualStudio.TestTools.TestTypes.Unit.UnitTestAdapter, Microsoft.VisualStudio.QualityTools.Tips.UnitTest.Adapter, Version=10.0.0.0, Culture=neutral, PublicKeyToken=b03f5f7f11d50a3a" className="TestProject2.UnitTest2, TestProject2, Version=1.0.0.0, Culture=neutral, PublicKeyToken=null" name="TestMethod4" />
    </UnitTest>
    <UnitTest name="TestMethod1" storage="bin\debug\testproject2.dll" id="b96f2172-51f7-3767-573a-01ebaf3120be">
      <Execution id="241600f8-994e-4bde-875f-3fa07af0e665" />
      <TestMethod codeBase="C:/workspaces/ClickSoftware/TestProject2/TestProject2/bin/Debug/TestProject2.DLL" adapterTypeName="Microsoft.VisualStudio.TestTools.TestTypes.Unit.UnitTestAdapter, Microsoft.VisualStudio.QualityTools.Tips.UnitTest.Adapter, Version=10.0.0.0, Culture=neutral, PublicKeyToken=b03f5f7f11d50a3a" className="TestProject2.UnitTest1, TestProject2, Version=1.0.0.0, Culture=neutral, PublicKeyToken=null" name="TestMethod1" />
    </UnitTest>
    <OrderedTest name="OrderedTest2" storage="c:\workspaces\clicksoftware\testproject2\testproject2\orderedtest2.orderedtest" id="3b5e70bb-fe8d-4921-8807-43c6fddf54fd">
      <Execution id="136f3092-97ef-4501-b14b-9ecf08c5cb95" />
      <TestLinks>
        <TestLink id="279b4c1f-43c0-4b3d-9fab-267be1d9d601" name="TestMethod4" storage="bin\debug\testproject2.dll" type="Microsoft.VisualStudio.TestTools.TestTypes.Unit.UnitTestElement, Microsoft.VisualStudio.QualityTools.Tips.UnitTest.ObjectModel, Version=10.0.0.0, Culture=neutral, PublicKeyToken=b03f5f7f11d50a3a" />
        <TestLink id="78047548-c2fb-ec7b-adbf-bbb4914c4e3d" name="TestMethod3" storage="bin\debug\testproject2.dll" type="Microsoft.VisualStudio.TestTools.TestTypes.Unit.UnitTestElement, Microsoft.VisualStudio.QualityTools.Tips.UnitTest.ObjectModel, Version=10.0.0.0, Culture=neutral, PublicKeyToken=b03f5f7f11d50a3a" />
        <TestLink id="762813a8-6a9a-e8e5-34d5-f448a5291c4a" name="TestMethod2" storage="bin\debug\testproject2.dll" type="Microsoft.VisualStudio.TestTools.TestTypes.Unit.UnitTestElement, Microsoft.VisualStudio.QualityTools.Tips.UnitTest.ObjectModel, Version=10.0.0.0, Culture=neutral, PublicKeyToken=b03f5f7f11d50a3a" />
        <TestLink id="b96f2172-51f7-3767-573a-01ebaf3120be" name="TestMethod1" storage="bin\debug\testproject2.dll" type="Microsoft.VisualStudio.TestTools.TestTypes.Unit.UnitTestElement, Microsoft.VisualStudio.QualityTools.Tips.UnitTest.ObjectModel, Version=10.0.0.0, Culture=neutral, PublicKeyToken=b03f5f7f11d50a3a" />
      </TestLinks>
    </OrderedTest>
  </TestDefinitions>
  <TestLists>
    <TestList name="Results Not in a List" id="8c84fa94-04c1-424b-9868-57a2d4851a1d" />
    <TestList name="All Loaded Results" id="19431567-8539-422a-85d7-44ee4e166bda" />
  </TestLists>
  <TestEntries>
    <TestEntry testId="b96f2172-51f7-3767-573a-01ebaf3120be" executionId="241600f8-994e-4bde-875f-3fa07af0e665" testListId="8c84fa94-04c1-424b-9868-57a2d4851a1d" />
    <TestEntry testId="762813a8-6a9a-e8e5-34d5-f448a5291c4a" executionId="198e5cc3-230c-4ed7-b380-45c8a0b740af" testListId="8c84fa94-04c1-424b-9868-57a2d4851a1d" />
    <TestEntry testId="78047548-c2fb-ec7b-adbf-bbb4914c4e3d" executionId="7a4afdfa-206a-41bd-ae1a-db063817c551" testListId="8c84fa94-04c1-424b-9868-57a2d4851a1d" />
    <TestEntry testId="279b4c1f-43c0-4b3d-9fab-267be1d9d601" executionId="2390ce4f-29f8-40e4-8ed2-e3de018342ff" testListId="8c84fa94-04c1-424b-9868-57a2d4851a1d" />
    <TestEntry testId="3b5e70bb-fe8d-4921-8807-43c6fddf54fd" executionId="136f3092-97ef-4501-b14b-9ecf08c5cb95" testListId="8c84fa94-04c1-424b-9868-57a2d4851a1d">
      <TestEntries>
        <TestEntry testId="279b4c1f-43c0-4b3d-9fab-267be1d9d601" executionId="00c98843-b5c3-4e81-aaf7-ba94b5f8d7ee" parentExecutionId="136f3092-97ef-4501-b14b-9ecf08c5cb95" testListId="8c84fa94-04c1-424b-9868-57a2d4851a1d" />
        <TestEntry testId="78047548-c2fb-ec7b-adbf-bbb4914c4e3d" executionId="355d7022-c526-48d4-91fb-e0850a0b8599" parentExecutionId="136f3092-97ef-4501-b14b-9ecf08c5cb95" testListId="8c84fa94-04c1-424b-9868-57a2d4851a1d" />
        <TestEntry testId="762813a8-6a9a-e8e5-34d5-f448a5291c4a" executionId="4caa8a54-15da-469b-bf95-1fff0b8d6e28" parentExecutionId="136f3092-97ef-4501-b14b-9ecf08c5cb95" testListId="8c84fa94-04c1-424b-9868-57a2d4851a1d" />
        <TestEntry testId="b96f2172-51f7-3767-573a-01ebaf3120be" executionId="7d12b891-de7a-4af4-aa8e-ef0f3d167c2b" parentExecutionId="136f3092-97ef-4501-b14b-9ecf08c5cb95" testListId="8c84fa94-04c1-424b-9868-57a2d4851a1d" />
      </TestEntries>
    </TestEntry>
  </TestEntries>
  <Results>
    <UnitTestResult executionId="241600f8-994e-4bde-875f-3fa07af0e665" testId="b96f2172-51f7-3767-573a-01ebaf3120be" testName="TestMethod1" computerName="W7-LIELR" duration="00:00:00.0189182" startTime="2013-06-06T17:57:18.3171196+03:00" endTime="2013-06-06T17:57:18.4761287+03:00" testType="13cdc9d9-ddb5-4fa4-a97d-d965ccfc6d4b" outcome="Passed" testListId="8c84fa94-04c1-424b-9868-57a2d4851a1d" relativeResultsDirectory="241600f8-994e-4bde-875f-3fa07af0e665">
      <Output>
        <TextMessages>
          <Message>[TEST NUMBER 1]</Message>
          <Message>[TestMethod1]this is line number 1</Message>
          <Message>[TestMethod1]this is line number 2</Message>
          <Message>[TestMethod1]this is line number 3</Message>
          <Message>[TestMethod1]this is line number 4</Message>
          <Message>[TestMethod1]this is line number 5</Message>
          <Message>[TestMethod1]this is line number 6</Message>
          <Message>[TestMethod1]this is line number 7</Message>
          <Message>[TestMethod1]this is line number 8</Message>
          <Message>[TestMethod1]this is line number 9</Message>
          <Message>[TestMethod1]this is line number 10</Message>
          <Message>[TestMethod1]this is line number 11</Message>
        </TextMessages>
      </Output>
    </UnitTestResult>
    <UnitTestResult executionId="198e5cc3-230c-4ed7-b380-45c8a0b740af" testId="762813a8-6a9a-e8e5-34d5-f448a5291c4a" testName="TestMethod2" computerName="W7-LIELR" duration="00:00:00.0054255" startTime="2013-06-06T17:57:18.4791289+03:00" endTime="2013-06-06T17:57:18.4881294+03:00" testType="13cdc9d9-ddb5-4fa4-a97d-d965ccfc6d4b" outcome="Passed" testListId="8c84fa94-04c1-424b-9868-57a2d4851a1d" relativeResultsDirectory="198e5cc3-230c-4ed7-b380-45c8a0b740af">
      <Output>
        <TextMessages>
          <Message>[TEST NUMBER 2]</Message>
          <Message>[TestMethod2]this is line number 1</Message>
          <Message>[TestMethod2]this is line number 2</Message>
          <Message>[TestMethod2]this is line number 3</Message>
          <Message>[TestMethod2]this is line number 4</Message>
          <Message>[TestMethod2]this is line number 5</Message>
          <Message>[TestMethod2]this is line number 6</Message>
          <Message>[TestMethod2]this is line number 7</Message>
          <Message>[TestMethod2]this is line number 8</Message>
          <Message>[TestMethod2]this is line number 9</Message>
          <Message>[TestMethod2]this is line number 10</Message>
          <Message>[TestMethod2]this is line number 11</Message>
        </TextMessages>
      </Output>
    </UnitTestResult>
    <UnitTestResult executionId="7a4afdfa-206a-41bd-ae1a-db063817c551" testId="78047548-c2fb-ec7b-adbf-bbb4914c4e3d" testName="TestMethod3" computerName="W7-LIELR" duration="00:00:00.0058437" startTime="2013-06-06T17:57:18.4901295+03:00" endTime="2013-06-06T17:57:18.4971299+03:00" testType="13cdc9d9-ddb5-4fa4-a97d-d965ccfc6d4b" outcome="Passed" testListId="8c84fa94-04c1-424b-9868-57a2d4851a1d" relativeResultsDirectory="7a4afdfa-206a-41bd-ae1a-db063817c551">
      <Output>
        <StdOut>this is Console out
this is Console out2</StdOut>
        <TextMessages>
          <Message>[TEST NUMBER 3]</Message>
          <Message>[TestMethod3]this is line number 1</Message>
          <Message>[TestMethod3]this is line number 2</Message>
          <Message>[TestMethod3]this is line number 3</Message>
          <Message>[TestMethod1]this is line number 4</Message>
          <Message>[TestMethod1]this is line number 5</Message>
          <Message>[TestMethod1]this is line number 6</Message>
          <Message>[TestMethod1]this is line number 7</Message>
          <Message>[TestMethod1]this is line number 8</Message>
          <Message>[TestMethod1]this is line number 9</Message>
          <Message>[TestMethod1]this is line number 10</Message>
          <Message>[TestMethod1]this is line number 11</Message>
          <Message>$Link=http://www.ynet.ci.il,Title=ynet$</Message>
        </TextMessages>
      </Output>
    </UnitTestResult>
    <UnitTestResult executionId="2390ce4f-29f8-40e4-8ed2-e3de018342ff" testId="279b4c1f-43c0-4b3d-9fab-267be1d9d601" testName="TestMethod4" computerName="W7-LIELR" duration="00:00:00.0043691" startTime="2013-06-06T17:57:18.5001301+03:00" endTime="2013-06-06T17:57:18.5061304+03:00" testType="13cdc9d9-ddb5-4fa4-a97d-d965ccfc6d4b" outcome="Passed" testListId="8c84fa94-04c1-424b-9868-57a2d4851a1d" relativeResultsDirectory="2390ce4f-29f8-40e4-8ed2-e3de018342ff">
      <Output>
        <TextMessages>
          <Message>[TEST NUMBER 4]</Message>
          <Message>[TestMethod2]this is line number 1</Message>
          <Message>[TestMethod2]this is line number 2</Message>
          <Message>[TestMethod2]this is line number 3</Message>
          <Message>[TestMethod2]this is line number 4</Message>
          <Message>[TestMethod2]this is line number 5</Message>
          <Message>[TestMethod2]this is line number 6</Message>
          <Message>[TestMethod2]this is line number 7</Message>
          <Message>[TestMethod2]this is line number 8</Message>
          <Message>[TestMethod2]this is line number 9</Message>
          <Message>[TestMethod2]this is line number 10</Message>
          <Message>[TestMethod2]this is line number 11</Message>
        </TextMessages>
      </Output>
    </UnitTestResult>
    <TestResultAggregation executionId="136f3092-97ef-4501-b14b-9ecf08c5cb95" testId="3b5e70bb-fe8d-4921-8807-43c6fddf54fd" testName="OrderedTest2" computerName="W7-LIELR" duration="00:00:00.0326759" startTime="2013-06-06T17:57:18.5541332+03:00" endTime="2013-06-06T17:57:18.5931354+03:00" testType="ec4800e8-40e5-4ab3-8510-b8bf29b1904d" outcome="Passed" testListId="8c84fa94-04c1-424b-9868-57a2d4851a1d" relativeResultsDirectory="136f3092-97ef-4501-b14b-9ecf08c5cb95">
      <Counters error="0" failed="0" timeout="0" aborted="0" inconclusive="0" passedButRunAborted="0" notRunnable="0" notExecuted="0" disconnected="0" warning="0" passed="4" completed="0" inProgress="0" pending="0" />
      <InnerResults>
        <UnitTestResult executionId="00c98843-b5c3-4e81-aaf7-ba94b5f8d7ee" parentExecutionId="136f3092-97ef-4501-b14b-9ecf08c5cb95" testId="279b4c1f-43c0-4b3d-9fab-267be1d9d601" testName="TestMethod4" computerName="W7-LIELR" duration="00:00:00.0048027" startTime="2013-06-06T17:57:18.5601335+03:00" endTime="2013-06-06T17:57:18.5681340+03:00" testType="13cdc9d9-ddb5-4fa4-a97d-d965ccfc6d4b" outcome="Passed" testListId="8c84fa94-04c1-424b-9868-57a2d4851a1d" relativeResultsDirectory="00c98843-b5c3-4e81-aaf7-ba94b5f8d7ee">
          <Output>
            <TextMessages>
              <Message>[TEST NUMBER 4]</Message>
              <Message>[TestMethod2]this is line number 1</Message>
              <Message>[TestMethod2]this is line number 2</Message>
              <Message>[TestMethod2]this is line number 3</Message>
              <Message>[TestMethod2]this is line number 4</Message>
              <Message>[TestMethod2]this is line number 5</Message>
              <Message>[TestMethod2]this is line number 6</Message>
              <Message>[TestMethod2]this is line number 7</Message>
              <Message>[TestMethod2]this is line number 8</Message>
              <Message>[TestMethod2]this is line number 9</Message>
              <Message>[TestMethod2]this is line number 10</Message>
              <Message>[TestMethod2]this is line number 11</Message>
            </TextMessages>
          </Output>
        </UnitTestResult>
        <UnitTestResult executionId="355d7022-c526-48d4-91fb-e0850a0b8599" parentExecutionId="136f3092-97ef-4501-b14b-9ecf08c5cb95" testId="78047548-c2fb-ec7b-adbf-bbb4914c4e3d" testName="TestMethod3" computerName="W7-LIELR" duration="00:00:00.0054343" startTime="2013-06-06T17:57:18.5681340+03:00" endTime="2013-06-06T17:57:18.5801347+03:00" testType="13cdc9d9-ddb5-4fa4-a97d-d965ccfc6d4b" outcome="Passed" testListId="8c84fa94-04c1-424b-9868-57a2d4851a1d" relativeResultsDirectory="355d7022-c526-48d4-91fb-e0850a0b8599">
          <Output>
            <StdOut>this is Console out
this is Console out2</StdOut>
            <TextMessages>
              <Message>[TEST NUMBER 3]</Message>
              <Message>[TestMethod3]this is line number 1</Message>
              <Message>[TestMethod3]this is line number 2</Message>
              <Message>[TestMethod3]this is line number 3</Message>
              <Message>[TestMethod1]this is line number 4</Message>
              <Message>[TestMethod1]this is line number 5</Message>
              <Message>[TestMethod1]this is line number 6</Message>
              <Message>[TestMethod1]this is line number 7</Message>
              <Message>[TestMethod1]this is line number 8</Message>
              <Message>[TestMethod1]this is line number 9</Message>
              <Message>[TestMethod1]this is line number 10</Message>
              <Message>[TestMethod1]this is line number 11</Message>
              <Message>$Link=http://www.ynet.ci.il,Title=ynet$</Message>
            </TextMessages>
          </Output>
        </UnitTestResult>
        <UnitTestResult executionId="4caa8a54-15da-469b-bf95-1fff0b8d6e28" parentExecutionId="136f3092-97ef-4501-b14b-9ecf08c5cb95" testId="762813a8-6a9a-e8e5-34d5-f448a5291c4a" testName="TestMethod2" computerName="W7-LIELR" duration="00:00:00.0048856" startTime="2013-06-06T17:57:18.5801347+03:00" endTime="2013-06-06T17:57:18.5871351+03:00" testType="13cdc9d9-ddb5-4fa4-a97d-d965ccfc6d4b" outcome="Passed" testListId="8c84fa94-04c1-424b-9868-57a2d4851a1d" relativeResultsDirectory="4caa8a54-15da-469b-bf95-1fff0b8d6e28">
          <Output>
            <TextMessages>
              <Message>[TEST NUMBER 2]</Message>
              <Message>[TestMethod2]this is line number 1</Message>
              <Message>[TestMethod2]this is line number 2</Message>
              <Message>[TestMethod2]this is line number 3</Message>
              <Message>[TestMethod2]this is line number 4</Message>
              <Message>[TestMethod2]this is line number 5</Message>
              <Message>[TestMethod2]this is line number 6</Message>
              <Message>[TestMethod2]this is line number 7</Message>
              <Message>[TestMethod2]this is line number 8</Message>
              <Message>[TestMethod2]this is line number 9</Message>
              <Message>[TestMethod2]this is line number 10</Message>
              <Message>[TestMethod2]this is line number 11</Message>
            </TextMessages>
          </Output>
        </UnitTestResult>
        <UnitTestResult executionId="7d12b891-de7a-4af4-aa8e-ef0f3d167c2b" parentExecutionId="136f3092-97ef-4501-b14b-9ecf08c5cb95" testId="b96f2172-51f7-3767-573a-01ebaf3120be" testName="TestMethod1" computerName="W7-LIELR" duration="00:00:00.0035858" startTime="2013-06-06T17:57:18.5871351+03:00" endTime="2013-06-06T17:57:18.5921353+03:00" testType="13cdc9d9-ddb5-4fa4-a97d-d965ccfc6d4b" outcome="Passed" testListId="8c84fa94-04c1-424b-9868-57a2d4851a1d" relativeResultsDirectory="7d12b891-de7a-4af4-aa8e-ef0f3d167c2b">
          <Output>
            <TextMessages>
              <Message>[TEST NUMBER 1]</Message>
              <Message>[TestMethod1]this is line number 1</Message>
              <Message>[TestMethod1]this is line number 2</Message>
              <Message>[TestMethod1]this is line number 3</Message>
              <Message>[TestMethod1]this is line number 4</Message>
              <Message>[TestMethod1]this is line number 5</Message>
              <Message>[TestMethod1]this is line number 6</Message>
              <Message>[TestMethod1]this is line number 7</Message>
              <Message>[TestMethod1]this is line number 8</Message>
              <Message>[TestMethod1]this is line number 9</Message>
              <Message>[TestMethod1]this is line number 10</Message>
              <Message>[TestMethod1]this is line number 11</Message>
            </TextMessages>
          </Output>
        </UnitTestResult>
      </InnerResults>
    </TestResultAggregation>
  </Results>
</TestRun>