<?xml version="1.0" encoding="UTF-8"?>
<TestRun id="15fae123-7a57-457d-8f08-e2dc99ce2009" name="liel_r@W7-LIELR 2013-05-21 23:14:10" runUser="RAMDOR\liel_r" xmlns="http://microsoft.com/schemas/VisualStudio/TeamTest/2010">
  <TestSettings name="Local" id="682f327c-e231-42e6-829c-9bcfac0e8618">
    <Description>These are default test settings for a local test run.</Description>
    <Deployment enabled="false" runDeploymentRoot="liel_r_W7-LIELR 2013-05-21 23_14_10" />
    <Execution>
      <TestTypeSpecific />
      <AgentRule name="Execution Agents">
      </AgentRule>
    </Execution>
  </TestSettings>
  <Times creation="2013-05-21T23:14:10.0324603+03:00" queuing="2013-05-21T23:14:10.0494613+03:00" start="2013-05-21T23:14:10.0864634+03:00" finish="2013-05-21T23:14:10.3624792+03:00" />
  <ResultSummary outcome="Completed">
    <Counters total="5" executed="5" passed="5" error="0" failed="0" timeout="0" aborted="0" inconclusive="0" passedButRunAborted="0" notRunnable="0" notExecuted="0" disconnected="0" warning="0" completed="0" inProgress="0" pending="0" />
  </ResultSummary>
  <TestDefinitions>
    <UnitTest name="TestMethod2" storage="c:\workspaces\clicksoftware\testproject2\testproject2\bin\debug\testproject2.dll" id="762813a8-6a9a-e8e5-34d5-f448a5291c4a">
      <TestMethod codeBase="C:/workspaces/ClickSoftware/TestProject2/TestProject2/bin/Debug/TestProject2.DLL" adapterTypeName="Microsoft.VisualStudio.TestTools.TestTypes.Unit.UnitTestAdapter, Microsoft.VisualStudio.QualityTools.Tips.UnitTest.Adapter, Version=10.0.0.0, Culture=neutral, PublicKeyToken=b03f5f7f11d50a3a" className="TestProject2.UnitTest1, TestProject2, Version=1.0.0.0, Culture=neutral, PublicKeyToken=null" name="TestMethod2" />
    </UnitTest>
    <UnitTest name="TestMethod3" storage="c:\workspaces\clicksoftware\testproject2\testproject2\bin\debug\testproject2.dll" id="78047548-c2fb-ec7b-adbf-bbb4914c4e3d">
      <TestMethod codeBase="C:/workspaces/ClickSoftware/TestProject2/TestProject2/bin/Debug/TestProject2.DLL" adapterTypeName="Microsoft.VisualStudio.TestTools.TestTypes.Unit.UnitTestAdapter, Microsoft.VisualStudio.QualityTools.Tips.UnitTest.Adapter, Version=10.0.0.0, Culture=neutral, PublicKeyToken=b03f5f7f11d50a3a" className="TestProject2.UnitTest2, TestProject2, Version=1.0.0.0, Culture=neutral, PublicKeyToken=null" name="TestMethod3" />
    </UnitTest>
    <UnitTest name="TestMethod1" storage="c:\workspaces\clicksoftware\testproject2\testproject2\bin\debug\testproject2.dll" id="b96f2172-51f7-3767-573a-01ebaf3120be">
      <TestMethod codeBase="C:/workspaces/ClickSoftware/TestProject2/TestProject2/bin/Debug/TestProject2.DLL" adapterTypeName="Microsoft.VisualStudio.TestTools.TestTypes.Unit.UnitTestAdapter, Microsoft.VisualStudio.QualityTools.Tips.UnitTest.Adapter, Version=10.0.0.0, Culture=neutral, PublicKeyToken=b03f5f7f11d50a3a" className="TestProject2.UnitTest1, TestProject2, Version=1.0.0.0, Culture=neutral, PublicKeyToken=null" name="TestMethod1" />
    </UnitTest>
    <OrderedTest name="orderedtest1" storage="c:\workspaces\clicksoftware\testproject2\testproject2\orderedtest1.orderedtest" id="5e30dd73-3222-4e89-8593-ad8468cd2e16">
      <Execution id="d947e203-04ec-41db-ac4f-b1b81b77bd1b" />
      <TestLinks>
        <TestLink id="b96f2172-51f7-3767-573a-01ebaf3120be" name="TestMethod1" storage="bin\debug\testproject2.dll" type="Microsoft.VisualStudio.TestTools.TestTypes.Unit.UnitTestElement, Microsoft.VisualStudio.QualityTools.Tips.UnitTest.ObjectModel, Version=10.0.0.0, Culture=neutral, PublicKeyToken=b03f5f7f11d50a3a" />
        <TestLink id="762813a8-6a9a-e8e5-34d5-f448a5291c4a" name="TestMethod2" storage="bin\debug\testproject2.dll" type="Microsoft.VisualStudio.TestTools.TestTypes.Unit.UnitTestElement, Microsoft.VisualStudio.QualityTools.Tips.UnitTest.ObjectModel, Version=10.0.0.0, Culture=neutral, PublicKeyToken=b03f5f7f11d50a3a" />
        <TestLink id="78047548-c2fb-ec7b-adbf-bbb4914c4e3d" name="TestMethod3" storage="bin\debug\testproject2.dll" type="Microsoft.VisualStudio.TestTools.TestTypes.Unit.UnitTestElement, Microsoft.VisualStudio.QualityTools.Tips.UnitTest.ObjectModel, Version=10.0.0.0, Culture=neutral, PublicKeyToken=b03f5f7f11d50a3a" />
        <TestLink id="279b4c1f-43c0-4b3d-9fab-267be1d9d601" name="TestMethod4" storage="bin\debug\testproject2.dll" type="Microsoft.VisualStudio.TestTools.TestTypes.Unit.UnitTestElement, Microsoft.VisualStudio.QualityTools.Tips.UnitTest.ObjectModel, Version=10.0.0.0, Culture=neutral, PublicKeyToken=b03f5f7f11d50a3a" />
      </TestLinks>
    </OrderedTest>
    <UnitTest name="TestMethod4" storage="c:\workspaces\clicksoftware\testproject2\testproject2\bin\debug\testproject2.dll" id="279b4c1f-43c0-4b3d-9fab-267be1d9d601">
      <TestMethod codeBase="C:/workspaces/ClickSoftware/TestProject2/TestProject2/bin/Debug/TestProject2.DLL" adapterTypeName="Microsoft.VisualStudio.TestTools.TestTypes.Unit.UnitTestAdapter, Microsoft.VisualStudio.QualityTools.Tips.UnitTest.Adapter, Version=10.0.0.0, Culture=neutral, PublicKeyToken=b03f5f7f11d50a3a" className="TestProject2.UnitTest2, TestProject2, Version=1.0.0.0, Culture=neutral, PublicKeyToken=null" name="TestMethod4" />
    </UnitTest>
  </TestDefinitions>
  <TestLists>
    <TestList name="Results Not in a List" id="8c84fa94-04c1-424b-9868-57a2d4851a1d" />
    <TestList name="All Loaded Results" id="19431567-8539-422a-85d7-44ee4e166bda" />
  </TestLists>
  <TestEntries>
    <TestEntry testId="5e30dd73-3222-4e89-8593-ad8468cd2e16" executionId="d947e203-04ec-41db-ac4f-b1b81b77bd1b" testListId="8c84fa94-04c1-424b-9868-57a2d4851a1d">
      <TestEntries>
        <TestEntry testId="b96f2172-51f7-3767-573a-01ebaf3120be" executionId="ba114040-9f7f-4766-8421-b02225aaf1f4" parentExecutionId="d947e203-04ec-41db-ac4f-b1b81b77bd1b" testListId="8c84fa94-04c1-424b-9868-57a2d4851a1d" />
        <TestEntry testId="762813a8-6a9a-e8e5-34d5-f448a5291c4a" executionId="b8b96c33-22eb-4819-a196-927ec9dffdcb" parentExecutionId="d947e203-04ec-41db-ac4f-b1b81b77bd1b" testListId="8c84fa94-04c1-424b-9868-57a2d4851a1d" />
        <TestEntry testId="78047548-c2fb-ec7b-adbf-bbb4914c4e3d" executionId="1b3864b3-b6d8-4f03-8b7e-9e2afed79bd1" parentExecutionId="d947e203-04ec-41db-ac4f-b1b81b77bd1b" testListId="8c84fa94-04c1-424b-9868-57a2d4851a1d" />
        <TestEntry testId="279b4c1f-43c0-4b3d-9fab-267be1d9d601" executionId="8ad4436b-8088-4f0f-9b93-4a3ea5c9f093" parentExecutionId="d947e203-04ec-41db-ac4f-b1b81b77bd1b" testListId="8c84fa94-04c1-424b-9868-57a2d4851a1d" />
      </TestEntries>
    </TestEntry>
  </TestEntries>
  <Results>
    <TestResultAggregation executionId="d947e203-04ec-41db-ac4f-b1b81b77bd1b" testId="5e30dd73-3222-4e89-8593-ad8468cd2e16" testName="orderedtest1" computerName="W7-LIELR" duration="00:00:00.2509101" startTime="2013-05-21T23:14:10.0904636+03:00" endTime="2013-05-21T23:14:10.3424780+03:00" testType="ec4800e8-40e5-4ab3-8510-b8bf29b1904d" outcome="Passed" testListId="8c84fa94-04c1-424b-9868-57a2d4851a1d" relativeResultsDirectory="d947e203-04ec-41db-ac4f-b1b81b77bd1b">
      <Counters error="0" failed="0" timeout="0" aborted="0" inconclusive="0" passedButRunAborted="0" notRunnable="0" notExecuted="0" disconnected="0" warning="0" passed="4" completed="0" inProgress="0" pending="0" />
      <InnerResults>
        <UnitTestResult executionId="ba114040-9f7f-4766-8421-b02225aaf1f4" parentExecutionId="d947e203-04ec-41db-ac4f-b1b81b77bd1b" testId="b96f2172-51f7-3767-573a-01ebaf3120be" testName="TestMethod1" computerName="W7-LIELR" duration="00:00:00.0202493" startTime="2013-05-21T23:14:10.0914637+03:00" endTime="2013-05-21T23:14:10.3184766+03:00" testType="13cdc9d9-ddb5-4fa4-a97d-d965ccfc6d4b" outcome="Passed" testListId="8c84fa94-04c1-424b-9868-57a2d4851a1d" relativeResultsDirectory="ba114040-9f7f-4766-8421-b02225aaf1f4">
          <Output>
            <TextMessages>
              <Message>[TEST NUMBER 1]</Message>
              <Message>[TestMethod1]this is line number 1</Message>
              <Message>[TestMethod1]this is line number 2</Message>
              <Message>[TestMethod1]this is line number 3</Message>
              <Message>[TestMethod1]this is line number 4</Message>
              <Message>[TestMethod1]this is line number 5</Message>
              <Message>[TestMethod1]this is line number 6</Message>
              <Message>[TestMethod1]this is line number 7</Message>
              <Message>[TestMethod1]this is line number 8</Message>
              <Message>[TestMethod1]this is line number 9</Message>
              <Message>[TestMethod1]this is line number 10</Message>
              <Message>[TestMethod1]this is line number 11</Message>
            </TextMessages>
          </Output>
        </UnitTestResult>
        <UnitTestResult executionId="b8b96c33-22eb-4819-a196-927ec9dffdcb" parentExecutionId="d947e203-04ec-41db-ac4f-b1b81b77bd1b" testId="762813a8-6a9a-e8e5-34d5-f448a5291c4a" testName="TestMethod2" computerName="W7-LIELR" duration="00:00:00.0052667" startTime="2013-05-21T23:14:10.3184766+03:00" endTime="2013-05-21T23:14:10.3264771+03:00" testType="13cdc9d9-ddb5-4fa4-a97d-d965ccfc6d4b" outcome="Passed" testListId="8c84fa94-04c1-424b-9868-57a2d4851a1d" relativeResultsDirectory="b8b96c33-22eb-4819-a196-927ec9dffdcb">
          <Output>
            <TextMessages>
              <Message>[TEST NUMBER 2]</Message>
              <Message>[TestMethod2]this is line number 1</Message>
              <Message>[TestMethod2]this is line number 2</Message>
              <Message>[TestMethod2]this is line number 3</Message>
              <Message>[TestMethod2]this is line number 4</Message>
              <Message>[TestMethod2]this is line number 5</Message>
              <Message>[TestMethod2]this is line number 6</Message>
              <Message>[TestMethod2]this is line number 7</Message>
              <Message>[TestMethod2]this is line number 8</Message>
              <Message>[TestMethod2]this is line number 9</Message>
              <Message>[TestMethod2]this is line number 10</Message>
              <Message>[TestMethod2]this is line number 11</Message>
            </TextMessages>
          </Output>
        </UnitTestResult>
        <UnitTestResult executionId="1b3864b3-b6d8-4f03-8b7e-9e2afed79bd1" parentExecutionId="d947e203-04ec-41db-ac4f-b1b81b77bd1b" testId="78047548-c2fb-ec7b-adbf-bbb4914c4e3d" testName="TestMethod3" computerName="W7-LIELR" duration="00:00:00.0057784" startTime="2013-05-21T23:14:10.3264771+03:00" endTime="2013-05-21T23:14:10.3344776+03:00" testType="13cdc9d9-ddb5-4fa4-a97d-d965ccfc6d4b" outcome="Passed" testListId="8c84fa94-04c1-424b-9868-57a2d4851a1d" relativeResultsDirectory="1b3864b3-b6d8-4f03-8b7e-9e2afed79bd1">
          <Output>
            <StdOut>this is Console out
this is Console out2</StdOut>
            <TextMessages>
              <Message>[TEST NUMBER 3]</Message>
              <Message>[TestMethod3]this is line number 1</Message>
              <Message>[TestMethod3]this is line number 2</Message>
              <Message>[TestMethod3]this is line number 3</Message>
              <Message>[TestMethod1]this is line number 4</Message>
              <Message>[TestMethod1]this is line number 5</Message>
              <Message>[TestMethod1]this is line number 6</Message>
              <Message>[TestMethod1]this is line number 7</Message>
              <Message>[TestMethod1]this is line number 8</Message>
              <Message>[TestMethod1]this is line number 9</Message>
              <Message>[TestMethod1]this is line number 10</Message>
              <Message>[TestMethod1]this is line number 11</Message>
              <Message>$Link=http://www.ynet.ci.il,Title=ynet$</Message>
            </TextMessages>
          </Output>
        </UnitTestResult>
        <UnitTestResult executionId="8ad4436b-8088-4f0f-9b93-4a3ea5c9f093" parentExecutionId="d947e203-04ec-41db-ac4f-b1b81b77bd1b" testId="279b4c1f-43c0-4b3d-9fab-267be1d9d601" testName="TestMethod4" computerName="W7-LIELR" duration="00:00:00.0048914" startTime="2013-05-21T23:14:10.3344776+03:00" endTime="2013-05-21T23:14:10.3424780+03:00" testType="13cdc9d9-ddb5-4fa4-a97d-d965ccfc6d4b" outcome="Passed" testListId="8c84fa94-04c1-424b-9868-57a2d4851a1d" relativeResultsDirectory="8ad4436b-8088-4f0f-9b93-4a3ea5c9f093">
          <Output>
            <TextMessages>
              <Message>[TEST NUMBER 4]</Message>
              <Message>[TestMethod2]this is line number 1</Message>
              <Message>[TestMethod2]this is line number 2</Message>
              <Message>[TestMethod2]this is line number 3</Message>
              <Message>[TestMethod2]this is line number 4</Message>
              <Message>[TestMethod2]this is line number 5</Message>
              <Message>[TestMethod2]this is line number 6</Message>
              <Message>[TestMethod2]this is line number 7</Message>
              <Message>[TestMethod2]this is line number 8</Message>
              <Message>[TestMethod2]this is line number 9</Message>
              <Message>[TestMethod2]this is line number 10</Message>
              <Message>[TestMethod2]this is line number 11</Message>
            </TextMessages>
          </Output>
        </UnitTestResult>
      </InnerResults>
    </TestResultAggregation>
  </Results>
</TestRun>